<?xml version="1.0" encoding="UTF-8"?>
<!-- Generated by org.testng.reporters.JUnitXMLReporter -->
<testsuite ignored="0" hostname="DESKTOP-6RU2R2S" failures="0" tests="2" name="Default test" time="34.625" errors="0" timestamp="2022-09-05T14:55:28 IST">
  <testcase classname="selenium.JenkinsDemo.ParaBankRegisterationFlow" name="launchApplication" time="28.136"/>
  <testcase classname="selenium.JenkinsDemo.ParaBankRegisterationFlow" name="closeApplication" time="5.955"/>
</testsuite> <!-- Default test -->
