<?xml version="1.0" encoding="UTF-8"?>
<testng-results ignored="0" total="2" passed="2" failed="0" skipped="0">
  <reporter-output>
    <line>
      <![CDATA[Application closed !]]>
    </line>
  </reporter-output>
  <suite started-at="2022-09-05T14:54:53 IST" name="Default suite" finished-at="2022-09-05T14:55:28 IST" duration-ms="34625">
    <groups>
    </groups>
    <test started-at="2022-09-05T14:54:53 IST" name="Default test" finished-at="2022-09-05T14:55:28 IST" duration-ms="34625">
      <class name="selenium.JenkinsDemo.ParaBankRegisterationFlow">
        <test-method signature="launchApplication()[pri:1, instance:selenium.JenkinsDemo.ParaBankRegisterationFlow@6283d8b8]" started-at="2022-09-05T14:54:54 IST" name="launchApplication" finished-at="2022-09-05T14:55:22 IST" duration-ms="28136" status="PASS">
          <reporter-output>
          </reporter-output>
        </test-method> <!-- launchApplication -->
        <test-method signature="closeApplication()[pri:2, instance:selenium.JenkinsDemo.ParaBankRegisterationFlow@6283d8b8]" started-at="2022-09-05T14:55:22 IST" name="closeApplication" finished-at="2022-09-05T14:55:28 IST" duration-ms="5955" status="PASS">
          <reporter-output>
            <line>
              <![CDATA[Application closed !]]>
            </line>
          </reporter-output>
        </test-method> <!-- closeApplication -->
      </class> <!-- selenium.JenkinsDemo.ParaBankRegisterationFlow -->
    </test> <!-- Default test -->
  </suite> <!-- Default suite -->
</testng-results>
